TN:
SF:/Users/nick/front-end/vue/nick-vue-wheels/src/http.js
FN:1,core
FN:4,(anonymous_1)
FN:7,(anonymous_2)
FN:14,(anonymous_3)
FN:15,(anonymous_4)
FN:18,(anonymous_5)
FN:19,(anonymous_6)
FN:20,(anonymous_7)
FNF:8
FNH:0
FNDA:0,core
FNDA:0,(anonymous_1)
FNDA:0,(anonymous_2)
FNDA:0,(anonymous_3)
FNDA:0,(anonymous_4)
FNDA:0,(anonymous_5)
FNDA:0,(anonymous_6)
FNDA:0,(anonymous_7)
DA:2,0
DA:3,0
DA:4,0
DA:5,0
DA:7,0
DA:8,0
DA:10,0
DA:16,0
LF:8
LH:0
BRDA:5,0,0,0
BRDA:5,0,1,0
BRDA:8,1,0,0
BRDA:8,1,1,0
BRF:4
BRH:0
end_of_record
TN:
SF:/Users/nick/front-end/vue/nick-vue-wheels/src/svg.js
FN:1,(anonymous_0)
FN:1,(anonymous_1)
FN:1,(anonymous_2)
FN:1,(anonymous_3)
FN:1,(anonymous_4)
FN:1,o
FN:1,(anonymous_6)
FNF:7
FNH:4
FNDA:4,(anonymous_0)
FNDA:4,(anonymous_1)
FNDA:4,(anonymous_2)
FNDA:0,(anonymous_3)
FNDA:0,(anonymous_4)
FNDA:0,o
FNDA:4,(anonymous_6)
DA:1,4
LF:1
LH:1
BRDA:1,0,0,0
BRDA:1,0,1,4
BRDA:1,1,0,4
BRDA:1,1,1,0
BRDA:1,2,0,0
BRDA:1,2,1,0
BRDA:1,3,0,4
BRDA:1,3,1,0
BRDA:1,4,0,0
BRDA:1,4,1,4
BRDA:1,5,0,0
BRDA:1,5,1,0
BRDA:1,6,0,0
BRDA:1,6,1,0
BRDA:1,7,0,0
BRDA:1,7,1,0
BRDA:1,8,0,4
BRDA:1,8,1,4
BRDA:1,9,0,4
BRDA:1,9,1,0
BRF:20
BRH:7
end_of_record
TN:
SF:/Users/nick/front-end/vue/nick-vue-wheels/src/validate.js
FN:26,(anonymous_0)
FN:30,(anonymous_1)
FN:32,(anonymous_2)
FN:34,(anonymous_3)
FN:45,(anonymous_4)
FN:46,(anonymous_5)
FN:63,(anonymous_6)
FN:69,(anonymous_7)
FN:78,(anonymous_8)
FN:84,(anonymous_9)
FN:91,ensureObjectExist
FNF:11
FNH:11
FNDA:1,(anonymous_0)
FNDA:10,(anonymous_1)
FNDA:6,(anonymous_2)
FNDA:6,(anonymous_3)
FNDA:10,(anonymous_4)
FNDA:5,(anonymous_5)
FNDA:1,(anonymous_6)
FNDA:2,(anonymous_7)
FNDA:1,(anonymous_8)
FNDA:1,(anonymous_9)
FNDA:4,ensureObjectExist
DA:27,1
DA:33,6
DA:34,6
DA:35,6
DA:36,6
DA:37,1
DA:38,1
DA:39,1
DA:40,1
DA:41,1
DA:45,10
DA:46,5
DA:48,5
DA:49,4
DA:50,4
DA:51,3
DA:52,3
DA:55,1
DA:60,5
DA:64,1
DA:65,1
DA:70,2
DA:71,2
DA:73,2
DA:74,1
DA:79,1
DA:80,1
DA:85,1
DA:86,1
DA:92,4
DA:93,4
LF:31
LH:31
BRDA:36,0,0,1
BRDA:36,0,1,5
BRDA:38,1,0,1
BRDA:38,1,1,0
BRDA:45,2,0,10
BRDA:45,2,1,5
BRDA:48,3,0,4
BRDA:48,3,1,1
BRDA:50,4,0,3
BRDA:50,4,1,1
BRDA:64,5,0,1
BRDA:64,5,1,0
BRDA:64,6,0,1
BRDA:64,6,1,1
BRDA:70,7,0,2
BRDA:70,7,1,0
BRDA:73,8,0,1
BRDA:73,8,1,1
BRDA:79,9,0,1
BRDA:79,9,1,0
BRDA:85,10,0,1
BRDA:85,10,1,0
BRDA:92,11,0,4
BRDA:92,11,1,0
BRF:24
BRH:18
end_of_record
TN:
SF:/Users/nick/front-end/vue/nick-vue-wheels/src/button/src/button/button.vue
FN:31,(anonymous_0)
FNF:1
FNH:1
FNDA:5,(anonymous_0)
DA:32,5
LF:1
LH:1
BRDA:32,0,0,5
BRDA:32,0,1,1
BRF:2
BRH:2
end_of_record
TN:
SF:/Users/nick/front-end/vue/nick-vue-wheels/src/collpase/src/collpase/collapse-item.vue
FN:24,(anonymous_0)
FN:31,(anonymous_1)
FN:39,(anonymous_2)
FN:41,(anonymous_3)
FNF:4
FNH:0
FNDA:0,(anonymous_0)
FNDA:0,(anonymous_1)
FNDA:0,(anonymous_2)
FNDA:0,(anonymous_3)
DA:25,0
DA:32,0
DA:33,0
DA:35,0
DA:41,0
DA:42,0
LF:6
LH:0
BRDA:32,0,0,0
BRDA:32,0,1,0
BRF:2
BRH:0
end_of_record
TN:
SF:/Users/nick/front-end/vue/nick-vue-wheels/src/collpase/src/collpase/collapse.vue
FN:21,(anonymous_0)
FN:26,(anonymous_1)
FN:31,(anonymous_2)
FN:35,(anonymous_3)
FN:47,(anonymous_4)
FNF:5
FNH:0
FNDA:0,(anonymous_0)
FNDA:0,(anonymous_1)
FNDA:0,(anonymous_2)
FNDA:0,(anonymous_3)
FNDA:0,(anonymous_4)
DA:22,0
DA:27,0
DA:33,0
DA:35,0
DA:36,0
DA:38,0
DA:39,0
DA:41,0
DA:43,0
DA:44,0
DA:47,0
DA:48,0
DA:50,0
DA:51,0
DA:52,0
DA:53,0
LF:16
LH:0
BRDA:38,0,0,0
BRDA:38,0,1,0
BRF:2
BRH:0
end_of_record
TN:
SF:/Users/nick/front-end/vue/nick-vue-wheels/src/grid/src/grid/col.vue
FN:9,(anonymous_0)
FN:12,(anonymous_1)
FN:33,(anonymous_2)
FN:39,(anonymous_3)
FN:52,(anonymous_4)
FN:62,(anonymous_5)
FNF:6
FNH:6
FNDA:4,(anonymous_0)
FNDA:8,(anonymous_1)
FNDA:6,(anonymous_2)
FNDA:30,(anonymous_3)
FNDA:6,(anonymous_4)
FNDA:6,(anonymous_5)
DA:9,2
DA:10,4
DA:11,4
DA:12,4
DA:13,8
DA:14,0
DA:17,4
DA:34,6
DA:40,50
DA:41,10
DA:42,10
DA:43,5
DA:45,10
DA:46,5
DA:48,10
DA:53,6
DA:54,6
DA:63,6
DA:64,6
LF:19
LH:18
BRDA:13,0,0,0
BRDA:13,0,1,8
BRDA:39,1,0,6
BRDA:40,2,0,20
BRDA:40,2,1,10
BRDA:42,3,0,5
BRDA:42,3,1,5
BRDA:45,4,0,5
BRDA:45,4,1,5
BRF:9
BRH:8
end_of_record
TN:
SF:/Users/nick/front-end/vue/nick-vue-wheels/src/grid/src/grid/row.vue
FN:16,(anonymous_0)
FN:22,(anonymous_1)
FN:29,(anonymous_2)
FN:34,(anonymous_3)
FN:36,(anonymous_4)
FNF:5
FNH:0
FNDA:0,(anonymous_0)
FNDA:0,(anonymous_1)
FNDA:0,(anonymous_2)
FNDA:0,(anonymous_3)
FNDA:0,(anonymous_4)
DA:17,0
DA:23,0
DA:24,0
DA:30,0
DA:31,0
DA:36,0
DA:37,0
LF:7
LH:0
BRDA:31,0,0,0
BRDA:31,0,1,0
BRF:2
BRH:0
end_of_record
TN:
SF:/Users/nick/front-end/vue/nick-vue-wheels/src/nav/src/nav/nav-item.vue
FN:18,(anonymous_0)
FN:23,(anonymous_1)
FN:27,(anonymous_2)
FNF:3
FNH:3
FNDA:6,(anonymous_0)
FNDA:6,(anonymous_1)
FNDA:1,(anonymous_2)
DA:19,6
DA:24,6
DA:28,1
DA:29,1
DA:30,1
LF:5
LH:5
BRDA:29,0,0,1
BRDA:29,0,1,0
BRF:2
BRH:1
end_of_record
TN:
SF:/Users/nick/front-end/vue/nick-vue-wheels/src/nav/src/nav/nav.vue
FN:10,(anonymous_0)
FN:25,(anonymous_1)
FN:32,(anonymous_2)
FN:35,(anonymous_3)
FN:36,(anonymous_4)
FN:40,(anonymous_5)
FN:41,(anonymous_6)
FN:42,(anonymous_7)
FN:48,(anonymous_8)
FN:51,(anonymous_9)
FNF:10
FNH:9
FNDA:2,(anonymous_0)
FNDA:2,(anonymous_1)
FNDA:6,(anonymous_2)
FNDA:2,(anonymous_3)
FNDA:6,(anonymous_4)
FNDA:2,(anonymous_5)
FNDA:6,(anonymous_6)
FNDA:1,(anonymous_7)
FNDA:0,(anonymous_8)
FNDA:2,(anonymous_9)
DA:11,2
DA:26,2
DA:33,6
DA:36,2
DA:37,6
DA:41,2
DA:42,6
DA:43,1
DA:49,0
DA:52,2
DA:53,2
LF:11
LH:10
BRF:0
BRH:0
end_of_record
TN:
SF:/Users/nick/front-end/vue/nick-vue-wheels/src/slides/src/slides/slides-item.vue
FN:17,(anonymous_0)
FN:24,(anonymous_1)
FNF:2
FNH:2
FNDA:12,(anonymous_0)
FNDA:24,(anonymous_1)
DA:18,12
DA:25,24
LF:2
LH:2
BRF:0
BRH:0
end_of_record
TN:
SF:/Users/nick/front-end/vue/nick-vue-wheels/src/slides/src/slides/slides.vue
FN:45,(anonymous_0)
FN:54,(anonymous_1)
FN:55,(anonymous_2)
FN:57,(anonymous_3)
FN:61,(anonymous_4)
FN:62,(anonymous_5)
FN:66,(anonymous_6)
FN:69,(anonymous_7)
FN:72,(anonymous_8)
FN:77,(anonymous_9)
FN:89,(anonymous_10)
FN:92,(anonymous_11)
FN:95,(anonymous_12)
FN:99,(anonymous_13)
FN:101,(anonymous_14)
FN:119,(anonymous_15)
FN:124,(anonymous_16)
FN:128,(anonymous_17)
FN:135,(anonymous_18)
FN:139,(anonymous_19)
FN:141,(anonymous_20)
FN:155,(anonymous_21)
FN:161,(anonymous_22)
FN:166,(anonymous_23)
FNF:24
FNH:15
FNDA:4,(anonymous_0)
FNDA:4,(anonymous_1)
FNDA:12,(anonymous_2)
FNDA:4,(anonymous_3)
FNDA:4,(anonymous_4)
FNDA:20,(anonymous_5)
FNDA:0,(anonymous_6)
FNDA:0,(anonymous_7)
FNDA:4,(anonymous_8)
FNDA:2,(anonymous_9)
FNDA:0,(anonymous_10)
FNDA:0,(anonymous_11)
FNDA:0,(anonymous_12)
FNDA:0,(anonymous_13)
FNDA:0,(anonymous_14)
FNDA:0,(anonymous_15)
FNDA:0,(anonymous_16)
FNDA:3,(anonymous_17)
FNDA:9,(anonymous_18)
FNDA:8,(anonymous_19)
FNDA:24,(anonymous_20)
FNDA:24,(anonymous_21)
FNDA:4,(anonymous_22)
FNDA:4,(anonymous_23)
DA:46,4
DA:55,16
DA:58,4
DA:59,4
DA:62,24
DA:67,0
DA:70,0
DA:73,7
DA:74,1
DA:75,1
DA:77,1
DA:78,2
DA:79,2
DA:87,1
DA:90,0
DA:93,0
DA:96,0
DA:97,0
DA:102,0
DA:103,0
DA:104,0
DA:106,0
DA:107,0
DA:108,0
DA:109,0
DA:111,0
DA:113,0
DA:116,0
DA:119,0
DA:120,0
DA:121,0
DA:125,0
DA:126,0
DA:129,3
DA:131,3
DA:132,3
DA:133,3
DA:136,9
DA:137,9
DA:140,8
DA:141,8
DA:144,24
DA:145,24
DA:147,3
DA:148,0
DA:150,3
DA:151,0
DA:154,24
DA:155,24
DA:156,24
DA:162,4
DA:163,4
DA:164,4
DA:167,4
LF:54
LH:31
BRDA:59,0,0,1
BRDA:59,0,1,3
BRDA:73,1,0,3
BRDA:73,1,1,1
BRDA:74,2,0,0
BRDA:74,2,1,1
BRDA:109,3,0,0
BRDA:109,3,1,0
BRDA:111,4,0,0
BRDA:111,4,1,0
BRDA:131,5,0,0
BRDA:131,5,1,3
BRDA:132,6,0,0
BRDA:132,6,1,3
BRDA:137,7,0,9
BRDA:137,7,1,2
BRDA:145,8,0,3
BRDA:145,8,1,21
BRDA:145,9,0,24
BRDA:145,9,1,21
BRDA:147,10,0,0
BRDA:147,10,1,3
BRDA:147,11,0,3
BRDA:147,11,1,0
BRDA:150,12,0,0
BRDA:150,12,1,3
BRDA:150,13,0,3
BRDA:150,13,1,0
BRF:28
BRH:17
end_of_record
TN:
SF:/Users/nick/front-end/vue/nick-vue-wheels/src/src/popover.vue
FN:20,(anonymous_0)
FN:26,(anonymous_1)
FN:31,(anonymous_2)
FN:36,(anonymous_3)
FN:48,(anonymous_4)
FN:60,(anonymous_5)
FN:62,(anonymous_6)
FN:66,(anonymous_7)
FN:68,(anonymous_8)
FN:72,(anonymous_9)
FN:77,(anonymous_10)
FN:104,(anonymous_11)
FN:106,(anonymous_12)
FN:111,(anonymous_13)
FN:115,(anonymous_14)
FNF:15
FNH:8
FNDA:2,(anonymous_0)
FNDA:2,(anonymous_1)
FNDA:2,(anonymous_2)
FNDA:2,(anonymous_3)
FNDA:0,(anonymous_4)
FNDA:0,(anonymous_5)
FNDA:0,(anonymous_6)
FNDA:0,(anonymous_7)
FNDA:0,(anonymous_8)
FNDA:0,(anonymous_9)
FNDA:1,(anonymous_10)
FNDA:1,(anonymous_11)
FNDA:1,(anonymous_12)
FNDA:0,(anonymous_13)
FNDA:1,(anonymous_14)
DA:21,2
DA:27,2
DA:32,2
DA:37,2
DA:38,2
DA:39,2
DA:40,1
DA:42,1
DA:43,1
DA:44,1
DA:45,1
DA:49,0
DA:50,0
DA:51,0
DA:53,0
DA:54,0
DA:55,0
DA:56,0
DA:61,0
DA:62,0
DA:63,0
DA:67,0
DA:68,0
DA:69,0
DA:73,0
DA:74,0
DA:75,0
DA:78,1
DA:79,1
DA:80,1
DA:81,1
DA:82,1
DA:83,1
DA:101,1
DA:102,1
DA:105,1
DA:106,1
DA:107,1
DA:108,1
DA:112,0
DA:113,0
DA:116,1
DA:117,1
DA:118,1
DA:120,0
LF:45
LH:26
BRDA:39,0,0,1
BRDA:39,0,1,1
BRDA:49,1,0,0
BRDA:49,1,1,0
BRDA:73,2,0,0
BRDA:73,2,1,0
BRDA:74,3,0,0
BRDA:74,3,1,0
BRDA:116,4,0,1
BRDA:116,4,1,0
BRDA:117,5,0,1
BRDA:117,5,1,0
BRF:12
BRH:4
end_of_record
TN:
SF:/Users/nick/front-end/vue/nick-vue-wheels/src/src/toast.vue
FN:25,(anonymous_0)
FN:31,(anonymous_1)
FN:34,(anonymous_2)
FN:48,(anonymous_3)
FN:54,(anonymous_4)
FN:59,(anonymous_5)
FN:61,(anonymous_6)
FN:66,(anonymous_7)
FN:71,(anonymous_8)
FN:77,(anonymous_9)
FN:78,(anonymous_10)
FN:83,(anonymous_11)
FNF:12
FNH:0
FNDA:0,(anonymous_0)
FNDA:0,(anonymous_1)
FNDA:0,(anonymous_2)
FNDA:0,(anonymous_3)
FNDA:0,(anonymous_4)
FNDA:0,(anonymous_5)
FNDA:0,(anonymous_6)
FNDA:0,(anonymous_7)
FNDA:0,(anonymous_8)
FNDA:0,(anonymous_9)
FNDA:0,(anonymous_10)
FNDA:0,(anonymous_11)
DA:26,0
DA:32,0
DA:49,0
DA:55,0
DA:60,0
DA:61,0
DA:62,0
DA:67,0
DA:68,0
DA:69,0
DA:72,0
DA:73,0
DA:74,0
DA:78,0
DA:79,0
DA:84,0
DA:85,0
LF:17
LH:0
BRDA:26,0,0,0
BRDA:26,0,1,0
BRDA:60,1,0,0
BRDA:60,1,1,0
BRDA:73,2,0,0
BRDA:73,2,1,0
BRDA:73,3,0,0
BRDA:73,3,1,0
BRF:8
BRH:0
end_of_record
TN:
SF:/Users/nick/front-end/vue/nick-vue-wheels/src/src/uploader.vue
FN:51,(anonymous_0)
FN:64,(anonymous_1)
FN:70,(anonymous_2)
FN:79,(anonymous_3)
FN:81,(anonymous_4)
FN:88,(anonymous_5)
FN:98,(anonymous_6)
FN:108,(anonymous_7)
FN:116,(anonymous_8)
FN:117,(anonymous_9)
FN:127,(anonymous_10)
FN:145,(anonymous_11)
FN:149,(anonymous_12)
FN:154,(anonymous_13)
FN:155,(anonymous_14)
FN:168,(anonymous_15)
FN:169,(anonymous_16)
FN:177,(anonymous_17)
FNF:18
FNH:12
FNDA:0,(anonymous_0)
FNDA:1,(anonymous_1)
FNDA:0,(anonymous_2)
FNDA:1,(anonymous_3)
FNDA:1,(anonymous_4)
FNDA:1,(anonymous_5)
FNDA:1,(anonymous_6)
FNDA:1,(anonymous_7)
FNDA:1,(anonymous_8)
FNDA:1,(anonymous_9)
FNDA:1,(anonymous_10)
FNDA:1,(anonymous_11)
FNDA:0,(anonymous_12)
FNDA:0,(anonymous_13)
FNDA:0,(anonymous_14)
FNDA:1,(anonymous_15)
FNDA:0,(anonymous_16)
FNDA:1,(anonymous_17)
DA:51,0
DA:65,1
DA:71,0
DA:72,0
DA:73,0
DA:74,0
DA:75,0
DA:76,0
DA:80,1
DA:81,1
DA:83,1
DA:84,1
DA:86,1
DA:89,1
DA:90,1
DA:91,1
DA:92,1
DA:93,1
DA:94,1
DA:95,1
DA:99,1
DA:100,1
DA:101,1
DA:103,1
DA:104,0
DA:105,0
DA:108,1
DA:109,1
DA:110,1
DA:113,1
DA:114,1
DA:117,2
DA:118,1
DA:119,1
DA:120,1
DA:121,1
DA:122,1
DA:123,1
DA:124,1
DA:125,1
DA:128,1
DA:130,1
DA:131,1
DA:132,1
DA:133,1
DA:134,1
DA:136,1
DA:138,1
DA:139,1
DA:140,1
DA:141,1
DA:143,1
DA:145,1
DA:146,1
DA:147,1
DA:148,1
DA:150,0
DA:155,0
DA:156,0
DA:157,0
DA:158,0
DA:159,0
DA:160,0
DA:161,0
DA:162,0
DA:163,0
DA:164,0
DA:166,0
DA:169,1
DA:170,0
DA:171,0
DA:172,0
DA:173,0
DA:175,1
DA:178,1
LF:75
LH:50
BRDA:72,0,0,0
BRDA:72,0,1,0
BRDA:103,1,0,0
BRDA:103,1,1,1
BRDA:103,2,0,1
BRDA:103,2,1,0
BRDA:136,3,0,0
BRDA:136,3,1,1
BRDA:163,4,0,0
BRDA:163,4,1,0
BRF:10
BRH:3
end_of_record
TN:
SF:/Users/nick/front-end/vue/nick-vue-wheels/src/tabs/src/tabs/tabs-head.vue
FN:16,(anonymous_0)
FN:21,(anonymous_1)
FN:23,(anonymous_2)
FNF:3
FNH:0
FNDA:0,(anonymous_0)
FNDA:0,(anonymous_1)
FNDA:0,(anonymous_2)
DA:17,0
DA:23,0
DA:24,0
DA:25,0
DA:26,0
DA:27,0
LF:6
LH:0
BRF:0
BRH:0
end_of_record
TN:
SF:/Users/nick/front-end/vue/nick-vue-wheels/src/tabs/src/tabs/tabs-item.vue
FN:22,(anonymous_0)
FN:28,(anonymous_1)
FN:33,(anonymous_2)
FN:40,(anonymous_3)
FN:43,(anonymous_4)
FNF:5
FNH:0
FNDA:0,(anonymous_0)
FNDA:0,(anonymous_1)
FNDA:0,(anonymous_2)
FNDA:0,(anonymous_3)
FNDA:0,(anonymous_4)
DA:23,0
DA:29,0
DA:35,0
DA:36,0
DA:37,0
DA:42,0
DA:43,0
DA:44,0
LF:8
LH:0
BRDA:35,0,0,0
BRDA:35,0,1,0
BRDA:36,1,0,0
BRDA:36,1,1,0
BRDA:42,2,0,0
BRDA:42,2,1,0
BRF:6
BRH:0
end_of_record
TN:
SF:/Users/nick/front-end/vue/nick-vue-wheels/src/tabs/src/tabs/tabs-pane.vue
FN:17,(anonymous_0)
FN:23,(anonymous_1)
FN:27,(anonymous_2)
FN:29,(anonymous_3)
FNF:4
FNH:0
FNDA:0,(anonymous_0)
FNDA:0,(anonymous_1)
FNDA:0,(anonymous_2)
FNDA:0,(anonymous_3)
DA:18,0
DA:24,0
DA:29,0
DA:30,0
LF:4
LH:0
BRF:0
BRH:0
end_of_record
TN:
SF:/Users/nick/front-end/vue/nick-vue-wheels/src/tabs/src/tabs/tabs.vue
FN:20,(anonymous_0)
FN:25,(anonymous_1)
FN:30,(anonymous_2)
FN:34,(anonymous_3)
FN:39,(anonymous_4)
FN:40,(anonymous_5)
FN:42,(anonymous_6)
FN:51,(anonymous_7)
FNF:8
FNH:0
FNDA:0,(anonymous_0)
FNDA:0,(anonymous_1)
FNDA:0,(anonymous_2)
FNDA:0,(anonymous_3)
FNDA:0,(anonymous_4)
FNDA:0,(anonymous_5)
FNDA:0,(anonymous_6)
FNDA:0,(anonymous_7)
DA:21,0
DA:26,0
DA:31,0
DA:35,0
DA:36,0
DA:40,0
DA:41,0
DA:42,0
DA:43,0
DA:44,0
DA:52,0
DA:54,0
LF:12
LH:0
BRDA:35,0,0,0
BRDA:35,0,1,0
BRDA:41,1,0,0
BRDA:41,1,1,0
BRDA:43,2,0,0
BRDA:43,2,1,0
BRDA:43,3,0,0
BRDA:43,3,1,0
BRF:8
BRH:0
end_of_record
TN:
SF:/Users/nick/front-end/vue/nick-vue-wheels/tests/unit/button.spec.js
FN:13,(anonymous_0)
FN:14,(anonymous_1)
FN:17,(anonymous_2)
FN:26,(anonymous_3)
FN:38,(anonymous_4)
FN:49,(anonymous_5)
FN:60,(anonymous_6)
FNF:7
FNH:7
FNDA:1,(anonymous_0)
FNDA:1,(anonymous_1)
FNDA:1,(anonymous_2)
FNDA:1,(anonymous_3)
FNDA:1,(anonymous_4)
FNDA:1,(anonymous_5)
FNDA:1,(anonymous_6)
DA:8,1
DA:10,1
DA:11,1
DA:13,1
DA:14,1
DA:15,1
DA:17,1
DA:18,1
DA:23,1
DA:24,1
DA:26,1
DA:27,1
DA:33,1
DA:34,1
DA:35,1
DA:36,1
DA:38,1
DA:39,1
DA:45,1
DA:46,1
DA:49,1
DA:50,1
DA:57,1
DA:58,1
DA:60,1
DA:61,1
DA:62,1
DA:70,1
DA:71,1
LF:29
LH:29
BRF:0
BRH:0
end_of_record
TN:
SF:/Users/nick/front-end/vue/nick-vue-wheels/tests/unit/col.spec.js
FN:12,(anonymous_0)
FN:13,(anonymous_1)
FN:16,(anonymous_2)
FN:25,(anonymous_3)
FN:34,(anonymous_4)
FN:44,(anonymous_5)
FN:54,(anonymous_6)
FN:64,(anonymous_7)
FNF:8
FNH:8
FNDA:1,(anonymous_0)
FNDA:1,(anonymous_1)
FNDA:1,(anonymous_2)
FNDA:1,(anonymous_3)
FNDA:1,(anonymous_4)
FNDA:1,(anonymous_5)
FNDA:1,(anonymous_6)
FNDA:1,(anonymous_7)
DA:7,1
DA:9,1
DA:10,1
DA:12,1
DA:13,1
DA:14,1
DA:16,1
DA:17,1
DA:22,1
DA:23,1
DA:25,1
DA:26,1
DA:31,1
DA:32,1
DA:34,1
DA:35,1
DA:40,1
DA:41,1
DA:42,1
DA:44,1
DA:45,1
DA:50,1
DA:51,1
DA:52,1
DA:54,1
DA:55,1
DA:60,1
DA:61,1
DA:62,1
DA:64,1
DA:65,1
DA:70,1
DA:71,1
DA:72,1
LF:34
LH:34
BRF:0
BRH:0
end_of_record
TN:
SF:/Users/nick/front-end/vue/nick-vue-wheels/tests/unit/collapse.spec.js
FN:10,(anonymous_0)
FN:12,(anonymous_1)
FNF:2
FNH:2
FNDA:1,(anonymous_0)
FNDA:1,(anonymous_1)
DA:7,1
DA:8,1
DA:10,1
DA:12,1
DA:13,1
LF:5
LH:5
BRF:0
BRH:0
end_of_record
TN:
SF:/Users/nick/front-end/vue/nick-vue-wheels/tests/unit/input.spec.js
FN:13,(anonymous_0)
FN:14,(anonymous_1)
FN:17,(anonymous_2)
FN:18,(anonymous_3)
FN:27,(anonymous_4)
FN:36,(anonymous_5)
FN:45,(anonymous_6)
FN:57,(anonymous_7)
FN:58,(anonymous_8)
FN:59,(anonymous_9)
FNF:10
FNH:10
FNDA:1,(anonymous_0)
FNDA:1,(anonymous_1)
FNDA:1,(anonymous_2)
FNDA:1,(anonymous_3)
FNDA:1,(anonymous_4)
FNDA:1,(anonymous_5)
FNDA:1,(anonymous_6)
FNDA:1,(anonymous_7)
FNDA:4,(anonymous_8)
FNDA:4,(anonymous_9)
DA:8,1
DA:9,1
DA:11,1
DA:13,1
DA:14,1
DA:15,1
DA:17,1
DA:18,1
DA:19,1
DA:24,1
DA:25,1
DA:27,1
DA:28,1
DA:33,1
DA:34,1
DA:36,1
DA:37,1
DA:42,1
DA:43,1
DA:45,1
DA:46,1
DA:51,1
DA:52,1
DA:53,1
DA:54,1
DA:57,1
DA:58,1
DA:59,4
DA:60,4
DA:61,4
DA:66,4
DA:67,4
DA:68,4
DA:73,4
DA:74,4
LF:35
LH:35
BRF:0
BRH:0
end_of_record
TN:
SF:/Users/nick/front-end/vue/nick-vue-wheels/tests/unit/nav.spec.js
FN:15,(anonymous_0)
FN:16,(anonymous_1)
FN:19,(anonymous_2)
FN:31,(anonymous_3)
FN:36,(anonymous_4)
FNF:5
FNH:5
FNDA:1,(anonymous_0)
FNDA:1,(anonymous_1)
FNDA:1,(anonymous_2)
FNDA:1,(anonymous_3)
FNDA:1,(anonymous_4)
DA:9,1
DA:11,1
DA:12,1
DA:13,1
DA:15,1
DA:16,1
DA:17,1
DA:19,1
DA:20,1
DA:31,1
DA:32,1
DA:33,1
DA:36,1
DA:37,1
DA:38,1
DA:54,1
DA:55,1
LF:17
LH:17
BRF:0
BRH:0
end_of_record
TN:
SF:/Users/nick/front-end/vue/nick-vue-wheels/tests/unit/popover.spec.js
FN:8,(anonymous_0)
FN:10,(anonymous_1)
FN:14,(anonymous_2)
FN:28,(anonymous_3)
FN:42,(anonymous_4)
FNF:5
FNH:5
FNDA:1,(anonymous_0)
FNDA:1,(anonymous_1)
FNDA:1,(anonymous_2)
FNDA:1,(anonymous_3)
FNDA:1,(anonymous_4)
DA:6,1
DA:8,1
DA:10,1
DA:11,1
DA:14,1
DA:15,1
DA:24,1
DA:25,1
DA:26,1
DA:28,1
DA:29,1
DA:39,1
DA:40,1
DA:41,1
DA:42,1
DA:43,1
LF:16
LH:16
BRF:0
BRH:0
end_of_record
TN:
SF:/Users/nick/front-end/vue/nick-vue-wheels/tests/unit/row.spec.js
FN:9,(anonymous_0)
FN:10,(anonymous_1)
FNF:2
FNH:2
FNDA:1,(anonymous_0)
FNDA:1,(anonymous_1)
DA:6,1
DA:7,1
DA:9,1
DA:10,1
DA:11,1
LF:5
LH:5
BRF:0
BRH:0
end_of_record
TN:
SF:/Users/nick/front-end/vue/nick-vue-wheels/tests/unit/slides.spec.js
FN:14,(anonymous_0)
FN:15,(anonymous_1)
FN:20,(anonymous_2)
FN:39,(anonymous_3)
FN:44,(anonymous_4)
FN:64,(anonymous_5)
FN:70,(anonymous_6)
FN:90,(anonymous_7)
FN:96,(anonymous_8)
FN:102,(anonymous_9)
FN:127,(anonymous_10)
FNF:11
FNH:11
FNDA:1,(anonymous_0)
FNDA:1,(anonymous_1)
FNDA:1,(anonymous_2)
FNDA:1,(anonymous_3)
FNDA:1,(anonymous_4)
FNDA:1,(anonymous_5)
FNDA:1,(anonymous_6)
FNDA:1,(anonymous_7)
FNDA:1,(anonymous_8)
FNDA:1,(anonymous_9)
FNDA:1,(anonymous_10)
DA:9,1
DA:11,1
DA:12,1
DA:14,1
DA:15,1
DA:16,1
DA:20,1
DA:21,1
DA:22,1
DA:39,1
DA:40,1
DA:41,1
DA:44,1
DA:45,1
DA:46,1
DA:64,1
DA:65,1
DA:66,1
DA:70,1
DA:71,1
DA:72,1
DA:91,1
DA:92,1
DA:96,1
DA:97,1
DA:102,1
DA:103,1
DA:104,1
DA:105,1
DA:127,1
DA:128,1
DA:129,1
LF:32
LH:32
BRF:0
BRH:0
end_of_record
TN:
SF:/Users/nick/front-end/vue/nick-vue-wheels/tests/unit/tabs-body.spec.js
FNF:0
FNH:0
LF:0
LH:0
BRF:0
BRH:0
end_of_record
TN:
SF:/Users/nick/front-end/vue/nick-vue-wheels/tests/unit/tabs-head.spec.js
FNF:0
FNH:0
LF:0
LH:0
BRF:0
BRH:0
end_of_record
TN:
SF:/Users/nick/front-end/vue/nick-vue-wheels/tests/unit/tabs-item.spec.js
FN:16,(anonymous_0)
FN:35,(anonymous_1)
FN:36,(anonymous_2)
FNF:3
FNH:2
FNDA:0,(anonymous_0)
FNDA:1,(anonymous_1)
FNDA:1,(anonymous_2)
DA:8,1
DA:9,1
DA:10,1
DA:11,1
DA:12,1
DA:14,1
DA:15,1
DA:16,1
DA:35,1
DA:36,1
DA:37,1
LF:11
LH:11
BRF:0
BRH:0
end_of_record
TN:
SF:/Users/nick/front-end/vue/nick-vue-wheels/tests/unit/tabs-pane.spec.js
FNF:0
FNH:0
LF:0
LH:0
BRF:0
BRH:0
end_of_record
TN:
SF:/Users/nick/front-end/vue/nick-vue-wheels/tests/unit/tabs.spec.js
FN:22,(anonymous_0)
FN:23,(anonymous_1)
FNF:2
FNH:2
FNDA:1,(anonymous_0)
FNDA:1,(anonymous_1)
DA:10,1
DA:13,1
DA:14,1
DA:15,1
DA:16,1
DA:17,1
DA:19,1
DA:20,1
DA:22,1
DA:23,1
DA:24,1
LF:11
LH:11
BRF:0
BRH:0
end_of_record
TN:
SF:/Users/nick/front-end/vue/nick-vue-wheels/tests/unit/toast.spec.js
FN:8,(anonymous_0)
FN:9,(anonymous_1)
FNF:2
FNH:2
FNDA:1,(anonymous_0)
FNDA:1,(anonymous_1)
DA:5,1
DA:6,1
DA:8,1
DA:9,1
DA:10,1
LF:5
LH:5
BRF:0
BRH:0
end_of_record
TN:
SF:/Users/nick/front-end/vue/nick-vue-wheels/tests/unit/uploader.spec.js
FN:14,(anonymous_0)
FN:15,(anonymous_1)
FN:18,(anonymous_2)
FN:19,(anonymous_3)
FN:20,(anonymous_4)
FN:30,(anonymous_5)
FN:39,(anonymous_6)
FN:40,(anonymous_7)
FN:41,(anonymous_8)
FN:64,(anonymous_9)
FN:69,(anonymous_10)
FNF:11
FNH:11
FNDA:1,(anonymous_0)
FNDA:1,(anonymous_1)
FNDA:1,(anonymous_2)
FNDA:1,(anonymous_3)
FNDA:1,(anonymous_4)
FNDA:1,(anonymous_5)
FNDA:2,(anonymous_6)
FNDA:1,(anonymous_7)
FNDA:1,(anonymous_8)
FNDA:1,(anonymous_9)
FNDA:1,(anonymous_10)
DA:9,1
DA:11,1
DA:12,1
DA:14,1
DA:15,1
DA:16,1
DA:18,1
DA:19,1
DA:20,1
DA:21,1
DA:24,1
DA:31,1
DA:32,1
DA:39,2
DA:41,1
DA:42,1
DA:43,1
DA:44,1
DA:45,1
DA:50,1
DA:52,1
DA:53,1
DA:54,1
DA:56,1
DA:57,1
DA:58,1
DA:60,1
DA:61,1
DA:64,1
DA:65,1
DA:66,1
DA:69,1
DA:70,1
DA:71,1
DA:72,1
DA:73,1
DA:74,1
DA:75,1
LF:38
LH:38
BRF:0
BRH:0
end_of_record
TN:
SF:/Users/nick/front-end/vue/nick-vue-wheels/tests/unit/validate.spec.js
FN:8,(anonymous_0)
FN:9,(anonymous_1)
FN:13,(anonymous_2)
FN:25,(anonymous_3)
FN:38,(anonymous_4)
FN:45,(anonymous_5)
FN:52,(anonymous_6)
FN:55,(anonymous_7)
FN:61,(anonymous_8)
FN:64,(anonymous_9)
FN:70,(anonymous_10)
FN:75,(anonymous_11)
FN:79,(anonymous_12)
FN:85,(anonymous_13)
FN:88,(anonymous_14)
FN:94,(anonymous_15)
FN:96,(anonymous_16)
FN:104,(anonymous_17)
FN:107,(anonymous_18)
FNF:19
FNH:11
FNDA:1,(anonymous_0)
FNDA:1,(anonymous_1)
FNDA:1,(anonymous_2)
FNDA:1,(anonymous_3)
FNDA:1,(anonymous_4)
FNDA:1,(anonymous_5)
FNDA:1,(anonymous_6)
FNDA:1,(anonymous_7)
FNDA:1,(anonymous_8)
FNDA:0,(anonymous_9)
FNDA:0,(anonymous_10)
FNDA:1,(anonymous_11)
FNDA:0,(anonymous_12)
FNDA:0,(anonymous_13)
FNDA:0,(anonymous_14)
FNDA:1,(anonymous_15)
FNDA:0,(anonymous_16)
FNDA:0,(anonymous_17)
FNDA:0,(anonymous_18)
DA:6,1
DA:8,1
DA:9,1
DA:10,1
DA:13,1
DA:14,1
DA:17,1
DA:20,1
DA:21,1
DA:22,1
DA:25,1
DA:26,1
DA:27,1
DA:28,1
DA:31,1
DA:32,1
DA:33,1
DA:34,1
DA:35,1
DA:38,1
DA:39,1
DA:40,1
DA:41,1
DA:42,1
DA:43,1
DA:45,1
DA:46,1
DA:47,1
DA:48,1
DA:49,1
DA:50,1
DA:52,1
DA:53,1
DA:54,1
DA:55,1
DA:56,1
DA:57,1
DA:59,1
DA:61,1
DA:62,1
DA:63,1
DA:64,1
DA:65,0
DA:66,0
DA:69,1
DA:70,1
DA:71,0
DA:73,1
DA:75,1
DA:76,1
DA:77,1
DA:78,1
DA:79,1
DA:80,0
DA:81,0
DA:84,1
DA:85,1
DA:86,0
DA:88,1
DA:89,0
DA:91,1
DA:92,1
DA:94,1
DA:95,1
DA:96,1
DA:97,0
DA:98,0
DA:101,1
DA:102,1
DA:103,1
DA:104,1
DA:105,0
DA:107,1
DA:108,0
DA:110,1
DA:111,1
LF:76
LH:65
BRDA:65,0,0,0
BRDA:65,0,1,0
BRDA:80,1,0,0
BRDA:80,1,1,0
BRDA:97,2,0,0
BRDA:97,2,1,0
BRF:6
BRH:0
end_of_record
